build/intermediates/manifest_merge_blame_file/release/manifest-merger-blame-release-report.txt
1<?xml version="1.0" encoding="utf-8"?>
2<manifest xmlns:android="http://schemas.android.com/apk/res/android"
3    package="com.aexon" >
4
5    <uses-sdk android:minSdkVersion="26" />
5-->src/main/AndroidManifest.xml:4:5-6:41
5-->src/main/AndroidManifest.xml:5:9-35
6
7</manifest>